[    4630ms] Minified React error #419; visit https://react.dev/errors/419 for the full message or use the non-minified dev environment for full errors and additional helpful warnings.
[    4699ms] Minified React error #419; visit https://react.dev/errors/419 for the full message or use the non-minified dev environment for full errors and additional helpful warnings.
[    4715ms] Minified React error #419; visit https://react.dev/errors/419 for the full message or use the non-minified dev environment for full errors and additional helpful warnings.
[    4729ms] Minified React error #419; visit https://react.dev/errors/419 for the full message or use the non-minified dev environment for full errors and additional helpful warnings.
[    4733ms] Minified React error #419; visit https://react.dev/errors/419 for the full message or use the non-minified dev environment for full errors and additional helpful warnings.
[    4504ms] [ERROR] Failed to load resource: the server responded with a status of 403 () @ https://vercel.com/api/v1/dashboard/projects/safe-skills-directory?teamId=tanks-projects-83a9bf1b:0
[    4508ms] [ERROR] Failed to load resource: the server responded with a status of 403 () @ https://vercel.com/api/v2/teams/tanks-projects-83a9bf1b:0
[    4509ms] [ERROR] Failed to load resource: the server responded with a status of 403 () @ https://vercel.com/api/v1/notifications/push:0
[    4518ms] [ERROR] Failed to load resource: the server responded with a status of 403 () @ https://vercel.com/api/jwt:0
[    4539ms] [ERROR] Failed to load resource: the server responded with a status of 403 () @ https://vercel.com/api/v1/dashboard/projects/safe-skills-directory?teamId=tanks-projects-83a9bf1b:0
[    4540ms] [ERROR] Failed to load resource: the server responded with a status of 403 () @ https://vercel.com/api/v2/teams/tanks-projects-83a9bf1b:0
[    5041ms] [ERROR] CustomFetchError: The request is missing an authentication token
    at d (https://vercel.com/_next/static/chunks/1e78ed62eeee4a84.js?dpl=dpl_H4mgN8CXKAg5RYVY2bgQfGriaKiS:2:20294) @ https://vercel.com/_next/static/chunks/ef9de48425080f02.js?dpl=dpl_H4mgN8CXKAg5RYVY2bgQfGriaKiS:108
[    5055ms] [ERROR] The script resource is behind a redirect, which is disallowed. @ :0
[    5775ms] [WARNING] Deprecated API for given entry type. @ https://vercel.com/_next/static/chunks/d97c6de4132d2d4f.js?dpl=dpl_H4mgN8CXKAg5RYVY2bgQfGriaKiS:18
[    6294ms] [WARNING] [GSI_LOGGER]: Your client application uses one of the Google One Tap prompt UI status methods that may stop functioning when FedCM becomes mandatory. Refer to the migration guide to update your code accordingly and opt-in to FedCM to test your changes. Learn more: https://developers.google.com/identity/gsi/web/guides/fedcm-migration?s=dc#display_moment and https://developers.google.com/identity/gsi/web/guides/fedcm-migration?s=dc#skipped_moment @ https://vercel.com/_next/static/chunks/d97c6de4132d2d4f.js?dpl=dpl_H4mgN8CXKAg5RYVY2bgQfGriaKiS:16
[    6318ms] [ERROR] Not signed in with the identity provider. @ https://vercel.com/login?next=%2Ftanks-projects-83a9bf1b%2Fsafe-skills-directory%2F6vYFSEp2XWAiTa4E4oAcFKXjAXh4:0
[    9418ms] [WARNING] The resource https://vercel.com/_next/static/media/adobe-light.f79f3d81.svg?dpl=dpl_H4mgN8CXKAg5RYVY2bgQfGriaKiS was preloaded using link preload but not used within a few seconds from the window's load event. Please make sure it has an appropriate `as` value and it is preloaded intentionally. @ https://vercel.com/login?next=%2Ftanks-projects-83a9bf1b%2Fsafe-skills-directory%2F6vYFSEp2XWAiTa4E4oAcFKXjAXh4:0
[    9421ms] [WARNING] The resource https://vercel.com/_next/static/media/ebay-dark.c0f6b334.svg?dpl=dpl_H4mgN8CXKAg5RYVY2bgQfGriaKiS was preloaded using link preload but not used within a few seconds from the window's load event. Please make sure it has an appropriate `as` value and it is preloaded intentionally. @ https://vercel.com/login?next=%2Ftanks-projects-83a9bf1b%2Fsafe-skills-directory%2F6vYFSEp2XWAiTa4E4oAcFKXjAXh4:0
[    9421ms] [WARNING] The resource https://vercel.com/_next/static/media/ebay-light.d32ee4fa.svg?dpl=dpl_H4mgN8CXKAg5RYVY2bgQfGriaKiS was preloaded using link preload but not used within a few seconds from the window's load event. Please make sure it has an appropriate `as` value and it is preloaded intentionally. @ https://vercel.com/login?next=%2Ftanks-projects-83a9bf1b%2Fsafe-skills-directory%2F6vYFSEp2XWAiTa4E4oAcFKXjAXh4:0
[    9422ms] [WARNING] The resource https://vercel.com/_next/static/chunks/3c970c0f3350ccf5.css?dpl=dpl_H4mgN8CXKAg5RYVY2bgQfGriaKiS was preloaded using link preload but not used within a few seconds from the window's load event. Please make sure it has an appropriate `as` value and it is preloaded intentionally. @ https://vercel.com/login?next=%2Ftanks-projects-83a9bf1b%2Fsafe-skills-directory%2F6vYFSEp2XWAiTa4E4oAcFKXjAXh4:0
[    9422ms] [WARNING] The resource https://vercel.com/_next/static/media/stripe-light.9f600ad2.svg?dpl=dpl_H4mgN8CXKAg5RYVY2bgQfGriaKiS was preloaded using link preload but not used within a few seconds from the window's load event. Please make sure it has an appropriate `as` value and it is preloaded intentionally. @ https://vercel.com/login?next=%2Ftanks-projects-83a9bf1b%2Fsafe-skills-directory%2F6vYFSEp2XWAiTa4E4oAcFKXjAXh4:0
[    9422ms] [WARNING] The resource https://vercel.com/_next/static/media/stripe-dark.48a95cc5.svg?dpl=dpl_H4mgN8CXKAg5RYVY2bgQfGriaKiS was preloaded using link preload but not used within a few seconds from the window's load event. Please make sure it has an appropriate `as` value and it is preloaded intentionally. @ https://vercel.com/login?next=%2Ftanks-projects-83a9bf1b%2Fsafe-skills-directory%2F6vYFSEp2XWAiTa4E4oAcFKXjAXh4:0
[   20878ms] [WARNING] The resource https://vercel.com/_next/static/media/adobe-light.f79f3d81.svg?dpl=dpl_H4mgN8CXKAg5RYVY2bgQfGriaKiS was preloaded using link preload but not used within a few seconds from the window's load event. Please make sure it has an appropriate `as` value and it is preloaded intentionally. @ https://vercel.com/login?next=%2Ftanks-projects-83a9bf1b%2Fsafe-skills-directory%2F6vYFSEp2XWAiTa4E4oAcFKXjAXh4:0
[   20879ms] [WARNING] The resource https://vercel.com/_next/static/media/ebay-dark.c0f6b334.svg?dpl=dpl_H4mgN8CXKAg5RYVY2bgQfGriaKiS was preloaded using link preload but not used within a few seconds from the window's load event. Please make sure it has an appropriate `as` value and it is preloaded intentionally. @ https://vercel.com/login?next=%2Ftanks-projects-83a9bf1b%2Fsafe-skills-directory%2F6vYFSEp2XWAiTa4E4oAcFKXjAXh4:0
[   20879ms] [WARNING] The resource https://vercel.com/_next/static/media/ebay-light.d32ee4fa.svg?dpl=dpl_H4mgN8CXKAg5RYVY2bgQfGriaKiS was preloaded using link preload but not used within a few seconds from the window's load event. Please make sure it has an appropriate `as` value and it is preloaded intentionally. @ https://vercel.com/login?next=%2Ftanks-projects-83a9bf1b%2Fsafe-skills-directory%2F6vYFSEp2XWAiTa4E4oAcFKXjAXh4:0
[   20879ms] [WARNING] The resource https://vercel.com/_next/static/chunks/3c970c0f3350ccf5.css?dpl=dpl_H4mgN8CXKAg5RYVY2bgQfGriaKiS was preloaded using link preload but not used within a few seconds from the window's load event. Please make sure it has an appropriate `as` value and it is preloaded intentionally. @ https://vercel.com/login?next=%2Ftanks-projects-83a9bf1b%2Fsafe-skills-directory%2F6vYFSEp2XWAiTa4E4oAcFKXjAXh4:0
[   20879ms] [WARNING] The resource https://vercel.com/_next/static/media/stripe-light.9f600ad2.svg?dpl=dpl_H4mgN8CXKAg5RYVY2bgQfGriaKiS was preloaded using link preload but not used within a few seconds from the window's load event. Please make sure it has an appropriate `as` value and it is preloaded intentionally. @ https://vercel.com/login?next=%2Ftanks-projects-83a9bf1b%2Fsafe-skills-directory%2F6vYFSEp2XWAiTa4E4oAcFKXjAXh4:0
[   20879ms] [WARNING] The resource https://vercel.com/_next/static/media/stripe-dark.48a95cc5.svg?dpl=dpl_H4mgN8CXKAg5RYVY2bgQfGriaKiS was preloaded using link preload but not used within a few seconds from the window's load event. Please make sure it has an appropriate `as` value and it is preloaded intentionally. @ https://vercel.com/login?next=%2Ftanks-projects-83a9bf1b%2Fsafe-skills-directory%2F6vYFSEp2XWAiTa4E4oAcFKXjAXh4:0
[   21616ms] [ERROR] [GSI_LOGGER]: FedCM get() rejects with AbortError: signal is aborted without reason @ https://vercel.com/_next/static/chunks/8a43f793e5df5772.js?dpl=dpl_H4mgN8CXKAg5RYVY2bgQfGriaKiS:2
[   21699ms] [ERROR] Failed to load resource: the server responded with a status of 429 () @ https://o205439.ingest.sentry.io/api/1323670/envelope/?sentry_key=d00780d432ac4ccf882f60dd02062e14&sentry_version=7&sentry_client=sentry.javascript.browser%2F7.111.0:0
